<?xml version="1.0" encoding="UTF-8"?>
<testsuite xmlns:xsi="http://www.w3.org/2001/XMLSchema-instance" xsi:noNamespaceSchemaLocation="https://maven.apache.org/surefire/maven-surefire-plugin/xsd/surefire-test-report.xsd" name="com.xxxx.AppTest" time="0.055" tests="1" errors="0" skipped="0" failures="0">
  <properties>
    <property name="sun.desktop" value="windows"/>
    <property name="awt.toolkit" value="sun.awt.windows.WToolkit"/>
    <property name="file.encoding.pkg" value="sun.io"/>
    <property name="java.specification.version" value="1.8"/>
    <property name="sun.cpu.isalist" value="amd64"/>
    <property name="sun.jnu.encoding" value="GBK"/>
    <property name="java.class.path" value="E:\IDEA\Java_repos\frame\target\test-classes;E:\IDEA\Java_repos\frame\target\classes;D:\maven\m2\repository\junit\junit\4.11\junit-4.11.jar;D:\maven\m2\repository\org\hamcrest\hamcrest-core\1.3\hamcrest-core-1.3.jar;"/>
    <property name="java.vm.vendor" value="Amazon.com Inc."/>
    <property name="sun.arch.data.model" value="64"/>
    <property name="user.variant" value=""/>
    <property name="java.vendor.url" value="https://aws.amazon.com/corretto/"/>
    <property name="user.timezone" value="Asia/Shanghai"/>
    <property name="java.vm.specification.version" value="1.8"/>
    <property name="os.name" value="Windows 10"/>
    <property name="user.country" value="CN"/>
    <property name="sun.java.launcher" value="SUN_STANDARD"/>
    <property name="sun.boot.library.path" value="C:\Users\HAI\.jdks\corretto-1.8.0_292\jre\bin"/>
    <property name="sun.java.command" value="C:\Users\HAI\AppData\Local\Temp\surefire973448798409866547\surefirebooter3988562665670993574.jar C:\Users\HAI\AppData\Local\Temp\surefire973448798409866547 2022-01-25T16-14-12_217-jvmRun1 surefire4558681331747438385tmp surefire_03650164305707048384tmp"/>
    <property name="surefire.test.class.path" value="E:\IDEA\Java_repos\frame\target\test-classes;E:\IDEA\Java_repos\frame\target\classes;D:\maven\m2\repository\junit\junit\4.11\junit-4.11.jar;D:\maven\m2\repository\org\hamcrest\hamcrest-core\1.3\hamcrest-core-1.3.jar;"/>
    <property name="sun.cpu.endian" value="little"/>
    <property name="user.home" value="C:\Users\HAI"/>
    <property name="user.language" value="zh"/>
    <property name="java.specification.vendor" value="Oracle Corporation"/>
    <property name="java.home" value="C:\Users\HAI\.jdks\corretto-1.8.0_292\jre"/>
    <property name="basedir" value="E:\IDEA\Java_repos\frame"/>
    <property name="file.separator" value="\"/>
    <property name="line.separator" value="&#10;"/>
    <property name="java.vm.specification.vendor" value="Oracle Corporation"/>
    <property name="java.specification.name" value="Java Platform API Specification"/>
    <property name="java.awt.graphicsenv" value="sun.awt.Win32GraphicsEnvironment"/>
    <property name="surefire.real.class.path" value="C:\Users\HAI\AppData\Local\Temp\surefire973448798409866547\surefirebooter3988562665670993574.jar"/>
    <property name="sun.boot.class.path" value="C:\Users\HAI\.jdks\corretto-1.8.0_292\jre\lib\resources.jar;C:\Users\HAI\.jdks\corretto-1.8.0_292\jre\lib\rt.jar;C:\Users\HAI\.jdks\corretto-1.8.0_292\jre\lib\sunrsasign.jar;C:\Users\HAI\.jdks\corretto-1.8.0_292\jre\lib\jsse.jar;C:\Users\HAI\.jdks\corretto-1.8.0_292\jre\lib\jce.jar;C:\Users\HAI\.jdks\corretto-1.8.0_292\jre\lib\charsets.jar;C:\Users\HAI\.jdks\corretto-1.8.0_292\jre\lib\jfr.jar;C:\Users\HAI\.jdks\corretto-1.8.0_292\jre\classes"/>
    <property name="user.script" value=""/>
    <property name="sun.management.compiler" value="HotSpot 64-Bit Tiered Compilers"/>
    <property name="java.runtime.version" value="1.8.0_292-b10"/>
    <property name="user.name" value="HAI"/>
    <property name="path.separator" value=";"/>
    <property name="os.version" value="10.0"/>
    <property name="java.endorsed.dirs" value="C:\Users\HAI\.jdks\corretto-1.8.0_292\jre\lib\endorsed"/>
    <property name="java.runtime.name" value="OpenJDK Runtime Environment"/>
    <property name="file.encoding" value="GBK"/>
    <property name="java.vm.name" value="OpenJDK 64-Bit Server VM"/>
    <property name="localRepository" value="D:\maven\m2\repository"/>
    <property name="java.vendor.url.bug" value="https://github.com/corretto/corretto-8/issues/"/>
    <property name="java.io.tmpdir" value="C:\Users\HAI\AppData\Local\Temp\"/>
    <property name="idea.version" value="2020.3.4"/>
    <property name="java.version" value="1.8.0_292"/>
    <property name="user.dir" value="E:\IDEA\Java_repos\frame"/>
    <property name="os.arch" value="amd64"/>
    <property name="java.vm.specification.name" value="Java Virtual Machine Specification"/>
    <property name="java.awt.printerjob" value="sun.awt.windows.WPrinterJob"/>
    <property name="sun.os.patch.level" value=""/>
    <property name="java.library.path" value="C:\Users\HAI\.jdks\corretto-1.8.0_292\jre\bin;C:\WINDOWS\Sun\Java\bin;C:\WINDOWS\system32;C:\WINDOWS;C:\Program Files (x86)\Common Files\Oracle\Java\javapath;%APPCAN_PATH%;C:\Windows\system32;C:\Windows;C:\Windows\System32\Wbem;C:\Windows\System32\WindowsPowerShell\v1.0\;C:\Windows\System32\OpenSSH\;C:\Program Files (x86)\NVIDIA Corporation\PhysX\Common;C:\Program Files\NVIDIA Corporation\NVIDIA NvDLISR;D:\Program Files\Java\jdk1.8.0_291\bin;D:\mysql\bin;C:\Users\HAI\.dnx\bin;C:\Program Files\Microsoft DNX\Dnvm\;C:\Program Files\Microsoft SQL Server\130\Tools\Binn\;D:\Program Files\Python\Lib\site-packages\graphviz;C:\Program Files (x86)\Microsoft SQL Server\90\Tools\binn\;C:\WINDOWS\system32;C:\WINDOWS;C:\WINDOWS\System32\Wbem;C:\WINDOWS\System32\WindowsPowerShell\v1.0\;C:\WINDOWS\System32\OpenSSH\;D:\Program Files\Git\cmd;C:\Program Files\TortoiseGit\bin;C:\Program Files\NVIDIA GPU Computing Toolkit\CUDA\v10.0\bin;C:\Program Files\NVIDIA GPU Computing Toolkit\CUDA\v10.0\lib\x64;C:\ProgramData\NVIDIA Corporation\CUDA Samples\v10.0\bin\win64;C:\ProgramData\NVIDIA Corporation\CUDA Samples\v10.0\common\lib\x64;C:\Program Files (x86)\NetSarang\Xshell 7\;C:\Program Files\dotnet\;C:\Program Files\Microsoft SQL Server\Client SDK\ODBC\170\Tools\Binn\;C:\WINDOWS\system32;C:\WINDOWS;C:\WINDOWS\System32\Wbem;C:\WINDOWS\System32\WindowsPowerShell\v1.0\;C:\WINDOWS\System32\OpenSSH\;D:\Program Files\apache-maven-3.8.4\bin;D:\Program Files\Python\Scripts\;D:\Program Files\Python\;C:\Users\HAI\AppData\Local\Microsoft\WindowsApps;D:\Program Files\Bandizip\;D:\Program Files\Microsoft VS Code\bin;D:\Program Files (x86)\Nmap;C:\Users\HAI\.dotnet\tools;C:\Users\HAI\AppData\Local\GitHubDesktop\bin;;."/>
    <property name="java.vm.info" value="mixed mode"/>
    <property name="java.vendor" value="Amazon.com Inc."/>
    <property name="java.vm.version" value="25.292-b10"/>
    <property name="java.ext.dirs" value="C:\Users\HAI\.jdks\corretto-1.8.0_292\jre\lib\ext;C:\WINDOWS\Sun\Java\lib\ext"/>
    <property name="sun.io.unicode.encoding" value="UnicodeLittle"/>
    <property name="maven.repo.local" value="D:\maven\m2\repository"/>
    <property name="java.class.version" value="52.0"/>
  </properties>
  <testcase name="shouldAnswerWithTrue" classname="com.xxxx.AppTest" time="0.003"/>
</testsuite>